<?xml version="1.0" encoding="UTF-8"?>
<!-- Generated by org.testng.reporters.JUnitReportReporter -->
<testsuite hostname="LAPTOP-SMC8HIAI" name="com.testpom.TestLogin" tests="1" failures="0" timestamp="30 Oct 2019 10:38:32 GMT" time="31.635" errors="0">
  <testcase name="validLogin" time="31.635" classname="com.testpom.TestLogin"/>
</testsuite> <!-- com.testpom.TestLogin -->
